<?xml version="1.0" encoding="UTF-8"?>
<testng-results skipped="0" failed="0" ignored="0" total="1" passed="1">
  <reporter-output>
  </reporter-output>
  <suite name="Default suite" duration-ms="18927" started-at="2020-07-14T21:19:01 CEST" finished-at="2020-07-14T21:19:20 CEST">
    <groups>
    </groups>
    <test name="Default test" duration-ms="18927" started-at="2020-07-14T21:19:01 CEST" finished-at="2020-07-14T21:19:20 CEST">
      <class name="selenium.SelenTest">
        <test-method status="PASS" signature="setUp()[pri:0, instance:selenium.SelenTest@72b6cbcc]" name="setUp" is-config="true" duration-ms="12296" started-at="2020-07-14T21:19:01 CEST" finished-at="2020-07-14T21:19:14 CEST">
          <reporter-output>
          </reporter-output>
        </test-method> <!-- setUp -->
        <test-method status="PASS" signature="testSelenium()[pri:1, instance:selenium.SelenTest@72b6cbcc]" name="testSelenium" duration-ms="6566" started-at="2020-07-14T21:19:14 CEST" finished-at="2020-07-14T21:19:20 CEST">
          <reporter-output>
          </reporter-output>
        </test-method> <!-- testSelenium -->
      </class> <!-- selenium.SelenTest -->
    </test> <!-- Default test -->
  </suite> <!-- Default suite -->
</testng-results>
